<?xml version="1.0" encoding="UTF-8"?>
<testsuite name="com.example.project.TestPoint" tests="3" skipped="0" failures="0" errors="0" timestamp="2025-01-09T16:21:14" hostname="codespaces-e0b1c7" time="0.029">
  <properties/>
  <testcase name="testPointInfo()" classname="com.example.project.TestPoint" time="0.02"/>
  <testcase name="testDistanceTo()" classname="com.example.project.TestPoint" time="0.002"/>
  <testcase name="testConstructor()" classname="com.example.project.TestPoint" time="0.002"/>
  <system-out><![CDATA[]]></system-out>
  <system-err><![CDATA[]]></system-err>
</testsuite>
